<?xml version="1.0" encoding="UTF-8"?>
<!-- Generated by org.testng.reporters.JUnitXMLReporter -->
<testsuite hostname="LAPTOP-BIDVEQPH" ignored="0" name="Default test" tests="3" failures="0" timestamp="07 Aug 2020 17:37:32 GMT" time="40.8" errors="0">
  <testcase name="validateAccont" time="7.432" classname="com.NewSElTest.TestPage.LoginTest"/>
  <testcase name="validateAccont" time="4.746" classname="com.NewSElTest.TestPage.LoginTest"/>
  <testcase name="validatePageTitle" time="0.016" classname="com.NewSElTest.TestPage.LoginTest"/>
</testsuite> <!-- Default test -->
