<?xml version="1.0" encoding="UTF-8"?>
<!-- Generated by org.testng.reporters.JUnitXMLReporter -->
<testsuite hostname="LAPTOP-BIDVEQPH" ignored="0" name="Default test" tests="3" failures="0" timestamp="13 Aug 2020 18:28:42 GMT" time="41.827" errors="0">
  <testcase name="validateAccont" time="7.918" classname="com.NewSElTest.TestPage.LoginTest"/>
  <testcase name="validateAccont" time="4.773" classname="com.NewSElTest.TestPage.LoginTest"/>
  <testcase name="validatePageTitle" time="0.019" classname="com.NewSElTest.TestPage.LoginTest"/>
</testsuite> <!-- Default test -->
