<?xml version="1.0" encoding="UTF-8"?>
<!-- Generated by org.testng.reporters.JUnitXMLReporter -->
<testsuite hostname="LAPTOP-BIDVEQPH" ignored="0" name="Test" tests="12" failures="0" timestamp="07 Aug 2020 18:18:12 GMT" time="289.771" errors="0">
  <testcase name="validateAccont" time="7.857" classname="com.NewSElTest.TestPage.LoginTest"/>
  <testcase name="validateAccont" time="5.081" classname="com.NewSElTest.TestPage.LoginTest"/>
  <testcase name="validatePageTitle" time="0.029" classname="com.NewSElTest.TestPage.LoginTest"/>
  <testcase name="ValidateUser" time="26.137" classname="com.NewSElTest.TestPage.HomeTest"/>
  <testcase name="ValidateUser" time="25.227" classname="com.NewSElTest.TestPage.HomeTest"/>
  <testcase name="validateEmpname" time="10.525" classname="com.NewSElTest.TestPage.PIMPageTest"/>
  <testcase name="VerifyToDate" time="9.232" classname="com.NewSElTest.TestPage.LeaveTest"/>
  <testcase name="validateSearch" time="7.612" classname="com.NewSElTest.TestPage.HomeTest"/>
  <testcase name="validateSearch" time="7.512" classname="com.NewSElTest.TestPage.HomeTest"/>
  <testcase name="validatePerson" time="14.297" classname="com.NewSElTest.TestPage.PIMPageTest"/>
  <testcase name="verifyCheckStstus" time="10.734" classname="com.NewSElTest.TestPage.LeaveTest"/>
  <testcase name="validateConfigure" time="3.782" classname="com.NewSElTest.TestPage.LeaveTest"/>
</testsuite> <!-- Test -->
