<?xml version="1.0" encoding="UTF-8"?>
<!-- Generated by org.testng.reporters.JUnitXMLReporter -->
<testsuite hostname="LAPTOP-BIDVEQPH" ignored="0" name="Test" tests="12" failures="0" timestamp="14 Aug 2020 16:42:41 GMT" time="292.018" errors="0">
  <testcase name="validateAccont" time="7.48" classname="com.NewSElTest.TestPage.LoginTest"/>
  <testcase name="validateAccont" time="4.708" classname="com.NewSElTest.TestPage.LoginTest"/>
  <testcase name="validatePageTitle" time="0.022" classname="com.NewSElTest.TestPage.LoginTest"/>
  <testcase name="ValidateUser" time="25.093" classname="com.NewSElTest.TestPage.HomeTest"/>
  <testcase name="ValidateUser" time="24.708" classname="com.NewSElTest.TestPage.HomeTest"/>
  <testcase name="validateEmpname" time="8.34" classname="com.NewSElTest.TestPage.PIMPageTest"/>
  <testcase name="VerifyToDate" time="9.47" classname="com.NewSElTest.TestPage.LeaveTest"/>
  <testcase name="validateSearch" time="6.905" classname="com.NewSElTest.TestPage.HomeTest"/>
  <testcase name="validateSearch" time="7.318" classname="com.NewSElTest.TestPage.HomeTest"/>
  <testcase name="validatePerson" time="14.062" classname="com.NewSElTest.TestPage.PIMPageTest"/>
  <testcase name="verifyCheckStstus" time="11.644" classname="com.NewSElTest.TestPage.LeaveTest"/>
  <testcase name="validateConfigure" time="3.494" classname="com.NewSElTest.TestPage.LeaveTest"/>
</testsuite> <!-- Test -->
