<?xml version="1.0" encoding="UTF-8"?>
<!-- Generated by org.testng.reporters.JUnitXMLReporter -->
<testsuite hostname="LAPTOP-BIDVEQPH" ignored="0" name="Test" tests="12" failures="0" timestamp="07 Aug 2020 19:45:45 GMT" time="269.879" errors="0">
  <testcase name="validateAccont" time="5.932" classname="com.NewSElTest.TestPage.LoginTest"/>
  <testcase name="validateAccont" time="4.57" classname="com.NewSElTest.TestPage.LoginTest"/>
  <testcase name="validatePageTitle" time="0.014" classname="com.NewSElTest.TestPage.LoginTest"/>
  <testcase name="ValidateUser" time="24.907" classname="com.NewSElTest.TestPage.HomeTest"/>
  <testcase name="ValidateUser" time="24.401" classname="com.NewSElTest.TestPage.HomeTest"/>
  <testcase name="validateEmpname" time="8.386" classname="com.NewSElTest.TestPage.PIMPageTest"/>
  <testcase name="VerifyToDate" time="9.321" classname="com.NewSElTest.TestPage.LeaveTest"/>
  <testcase name="validateSearch" time="7.62" classname="com.NewSElTest.TestPage.HomeTest"/>
  <testcase name="validateSearch" time="7.241" classname="com.NewSElTest.TestPage.HomeTest"/>
  <testcase name="validatePerson" time="13.518" classname="com.NewSElTest.TestPage.PIMPageTest"/>
  <testcase name="verifyCheckStstus" time="10.359" classname="com.NewSElTest.TestPage.LeaveTest"/>
  <testcase name="validateConfigure" time="3.467" classname="com.NewSElTest.TestPage.LeaveTest"/>
</testsuite> <!-- Test -->
