<?xml version="1.0" encoding="UTF-8"?>
<testsuite name="TestSuite" time="85.442" tests="12" errors="0" skipped="0" failures="0">
  <properties>
[...]
</properties>
  <testcase name="validateAccont" classname="com.NewSElTest.TestPage.LoginTest" time="6.032"/>
  <testcase name="validateAccont" classname="com.NewSElTest.TestPage.LoginTest" time="4.742"/>
  <testcase name="validatePageTitle" classname="com.NewSElTest.TestPage.LoginTest" time="0.027"/>
  <testcase name="ValidateUser" classname="com.NewSElTest.TestPage.HomeTest" time="24.798"/>
  <testcase name="ValidateUser" classname="com.NewSElTest.TestPage.HomeTest" time="24.629"/>
  <testcase name="validateEmpname" classname="com.NewSElTest.TestPage.PIMPageTest" time="8.409"/>
  <testcase name="VerifyToDate" classname="com.NewSElTest.TestPage.LeaveTest" time="9.707"/>
  <testcase name="validateSearch" classname="com.NewSElTest.TestPage.HomeTest" time="7.502"/>
  <testcase name="validateSearch" classname="com.NewSElTest.TestPage.HomeTest" time="7.443"/>
  <testcase name="validatePerson" classname="com.NewSElTest.TestPage.PIMPageTest" time="14.296"/>
  <testcase name="verifyCheckStstus" classname="com.NewSElTest.TestPage.LeaveTest" time="10.189"/>
  <testcase name="validateConfigure" classname="com.NewSElTest.TestPage.LeaveTest" time="4.482"/>
</testsuite>