<?xml version="1.0" encoding="UTF-8"?>
<testng-results skipped="0" failed="0" ignored="0" total="12" passed="12">
  <reporter-output>
  </reporter-output>
  <suite name="Suite" duration-ms="280681" started-at="2020-08-10T19:01:07Z" finished-at="2020-08-10T19:05:48Z">
    <groups>
    </groups>
    <test name="Test" duration-ms="280681" started-at="2020-08-10T19:01:07Z" finished-at="2020-08-10T19:05:48Z">
      <class name="com.NewSElTest.TestPage.PIMPageTest">
        <test-method status="PASS" signature="setUp()[pri:0, instance:com.NewSElTest.TestPage.PIMPageTest@3ffcd140]" name="setUp" is-config="true" duration-ms="13150" started-at="2020-08-10T19:03:08Z" finished-at="2020-08-10T19:03:21Z">
          <reporter-output>
          </reporter-output>
        </test-method> <!-- setUp -->
        <test-method status="PASS" signature="validateEmpname()[pri:1, instance:com.NewSElTest.TestPage.PIMPageTest@3ffcd140]" name="validateEmpname" duration-ms="8407" started-at="2020-08-10T19:03:21Z" finished-at="2020-08-10T19:03:30Z">
          <reporter-output>
          </reporter-output>
        </test-method> <!-- validateEmpname -->
        <test-method status="PASS" signature="tearDown()[pri:0, instance:com.NewSElTest.TestPage.PIMPageTest@3ffcd140]" name="tearDown" is-config="true" duration-ms="83" started-at="2020-08-10T19:03:30Z" finished-at="2020-08-10T19:03:30Z">
          <reporter-output>
          </reporter-output>
        </test-method> <!-- tearDown -->
        <test-method status="PASS" signature="setUp()[pri:0, instance:com.NewSElTest.TestPage.PIMPageTest@3ffcd140]" name="setUp" is-config="true" duration-ms="14180" started-at="2020-08-10T19:04:34Z" finished-at="2020-08-10T19:04:48Z">
          <reporter-output>
          </reporter-output>
        </test-method> <!-- setUp -->
        <test-method status="PASS" signature="validatePerson()[pri:2, instance:com.NewSElTest.TestPage.PIMPageTest@3ffcd140]" name="validatePerson" duration-ms="14296" started-at="2020-08-10T19:04:48Z" finished-at="2020-08-10T19:05:03Z">
          <reporter-output>
          </reporter-output>
        </test-method> <!-- validatePerson -->
        <test-method status="PASS" signature="tearDown()[pri:0, instance:com.NewSElTest.TestPage.PIMPageTest@3ffcd140]" name="tearDown" is-config="true" duration-ms="62" started-at="2020-08-10T19:05:03Z" finished-at="2020-08-10T19:05:03Z">
          <reporter-output>
          </reporter-output>
        </test-method> <!-- tearDown -->
      </class> <!-- com.NewSElTest.TestPage.PIMPageTest -->
      <class name="com.NewSElTest.TestPage.LeaveTest">
        <test-method status="PASS" signature="setUp()[pri:0, instance:com.NewSElTest.TestPage.LeaveTest@23bb8443]" name="setUp" is-config="true" duration-ms="12380" started-at="2020-08-10T19:03:30Z" finished-at="2020-08-10T19:03:42Z">
          <reporter-output>
          </reporter-output>
        </test-method> <!-- setUp -->
        <test-method status="PASS" signature="VerifyToDate()[pri:1, instance:com.NewSElTest.TestPage.LeaveTest@23bb8443]" name="VerifyToDate" duration-ms="9689" started-at="2020-08-10T19:03:42Z" finished-at="2020-08-10T19:03:52Z">
          <reporter-output>
          </reporter-output>
        </test-method> <!-- VerifyToDate -->
        <test-method status="PASS" signature="tearDown()[pri:0, instance:com.NewSElTest.TestPage.LeaveTest@23bb8443]" name="tearDown" is-config="true" duration-ms="108" started-at="2020-08-10T19:03:52Z" finished-at="2020-08-10T19:03:52Z">
          <reporter-output>
          </reporter-output>
        </test-method> <!-- tearDown -->
        <test-method status="PASS" signature="setUp()[pri:0, instance:com.NewSElTest.TestPage.LeaveTest@23bb8443]" name="setUp" is-config="true" duration-ms="12663" started-at="2020-08-10T19:05:03Z" finished-at="2020-08-10T19:05:15Z">
          <reporter-output>
          </reporter-output>
        </test-method> <!-- setUp -->
        <test-method status="PASS" signature="verifyCheckStstus()[pri:2, instance:com.NewSElTest.TestPage.LeaveTest@23bb8443]" name="verifyCheckStstus" duration-ms="10189" started-at="2020-08-10T19:05:15Z" finished-at="2020-08-10T19:05:26Z">
          <reporter-output>
          </reporter-output>
        </test-method> <!-- verifyCheckStstus -->
        <test-method status="PASS" signature="tearDown()[pri:0, instance:com.NewSElTest.TestPage.LeaveTest@23bb8443]" name="tearDown" is-config="true" duration-ms="4419" started-at="2020-08-10T19:05:26Z" finished-at="2020-08-10T19:05:30Z">
          <reporter-output>
          </reporter-output>
        </test-method> <!-- tearDown -->
        <test-method status="PASS" signature="setUp()[pri:0, instance:com.NewSElTest.TestPage.LeaveTest@23bb8443]" name="setUp" is-config="true" duration-ms="12981" started-at="2020-08-10T19:05:30Z" finished-at="2020-08-10T19:05:43Z">
          <reporter-output>
          </reporter-output>
        </test-method> <!-- setUp -->
        <test-method status="PASS" signature="validateConfigure()[pri:3, instance:com.NewSElTest.TestPage.LeaveTest@23bb8443]" name="validateConfigure" duration-ms="4483" started-at="2020-08-10T19:05:43Z" finished-at="2020-08-10T19:05:48Z">
          <reporter-output>
          </reporter-output>
        </test-method> <!-- validateConfigure -->
        <test-method status="PASS" signature="tearDown()[pri:0, instance:com.NewSElTest.TestPage.LeaveTest@23bb8443]" name="tearDown" is-config="true" duration-ms="123" started-at="2020-08-10T19:05:48Z" finished-at="2020-08-10T19:05:48Z">
          <reporter-output>
          </reporter-output>
        </test-method> <!-- tearDown -->
      </class> <!-- com.NewSElTest.TestPage.LeaveTest -->
      <class name="com.NewSElTest.TestPage.LoginTest">
        <test-method status="PASS" signature="setup()[pri:0, instance:com.NewSElTest.TestPage.LoginTest@31206beb]" name="setup" is-config="true" duration-ms="11779" started-at="2020-08-10T19:01:15Z" finished-at="2020-08-10T19:01:26Z">
          <reporter-output>
          </reporter-output>
        </test-method> <!-- setup -->
        <test-method status="PASS" signature="validateAccont(java.lang.String, java.lang.String)[pri:0, instance:com.NewSElTest.TestPage.LoginTest@31206beb]" name="validateAccont" duration-ms="6022" started-at="2020-08-10T19:01:26Z" data-provider="LoginData" finished-at="2020-08-10T19:01:32Z">
          <params>
            <param index="0">
              <value>
                <![CDATA[Admin]]>
              </value>
            </param>
            <param index="1">
              <value>
                <![CDATA[admin123]]>
              </value>
            </param>
          </params>
          <reporter-output>
          </reporter-output>
        </test-method> <!-- validateAccont -->
        <test-method status="PASS" signature="tearDown()[pri:0, instance:com.NewSElTest.TestPage.LoginTest@31206beb]" name="tearDown" is-config="true" duration-ms="368" started-at="2020-08-10T19:01:32Z" finished-at="2020-08-10T19:01:33Z">
          <reporter-output>
          </reporter-output>
        </test-method> <!-- tearDown -->
        <test-method status="PASS" signature="setup()[pri:0, instance:com.NewSElTest.TestPage.LoginTest@31206beb]" name="setup" is-config="true" duration-ms="7172" started-at="2020-08-10T19:01:33Z" finished-at="2020-08-10T19:01:40Z">
          <reporter-output>
          </reporter-output>
        </test-method> <!-- setup -->
        <test-method status="PASS" signature="validateAccont(java.lang.String, java.lang.String)[pri:0, instance:com.NewSElTest.TestPage.LoginTest@31206beb]" name="validateAccont" duration-ms="4744" started-at="2020-08-10T19:01:40Z" data-provider="LoginData" finished-at="2020-08-10T19:01:45Z">
          <params>
            <param index="0">
              <value>
                <![CDATA[Sanjit]]>
              </value>
            </param>
            <param index="1">
              <value>
                <![CDATA[sanjit123]]>
              </value>
            </param>
          </params>
          <reporter-output>
          </reporter-output>
        </test-method> <!-- validateAccont -->
        <test-method status="PASS" signature="tearDown()[pri:0, instance:com.NewSElTest.TestPage.LoginTest@31206beb]" name="tearDown" is-config="true" duration-ms="137" started-at="2020-08-10T19:01:45Z" finished-at="2020-08-10T19:01:45Z">
          <reporter-output>
          </reporter-output>
        </test-method> <!-- tearDown -->
        <test-method status="PASS" signature="setup()[pri:0, instance:com.NewSElTest.TestPage.LoginTest@31206beb]" name="setup" is-config="true" duration-ms="6533" started-at="2020-08-10T19:01:45Z" finished-at="2020-08-10T19:01:51Z">
          <reporter-output>
          </reporter-output>
        </test-method> <!-- setup -->
        <test-method status="PASS" signature="validatePageTitle()[pri:0, instance:com.NewSElTest.TestPage.LoginTest@31206beb]" name="validatePageTitle" duration-ms="27" started-at="2020-08-10T19:01:51Z" finished-at="2020-08-10T19:01:51Z">
          <reporter-output>
          </reporter-output>
        </test-method> <!-- validatePageTitle -->
        <test-method status="PASS" signature="tearDown()[pri:0, instance:com.NewSElTest.TestPage.LoginTest@31206beb]" name="tearDown" is-config="true" duration-ms="92" started-at="2020-08-10T19:01:51Z" finished-at="2020-08-10T19:01:51Z">
          <reporter-output>
          </reporter-output>
        </test-method> <!-- tearDown -->
      </class> <!-- com.NewSElTest.TestPage.LoginTest -->
      <class name="com.NewSElTest.TestPage.HomeTest">
        <test-method status="PASS" signature="setup()[pri:0, instance:com.NewSElTest.TestPage.HomeTest@3e77a1ed]" name="setup" is-config="true" duration-ms="13178" started-at="2020-08-10T19:01:52Z" finished-at="2020-08-10T19:02:05Z">
          <reporter-output>
          </reporter-output>
        </test-method> <!-- setup -->
        <test-method status="PASS" signature="ValidateUser(java.lang.String, java.lang.String)[pri:1, instance:com.NewSElTest.TestPage.HomeTest@3e77a1ed]" name="ValidateUser" duration-ms="24798" started-at="2020-08-10T19:02:05Z" data-provider="HomeData" finished-at="2020-08-10T19:02:29Z">
          <params>
            <param index="0">
              <value>
                <![CDATA[Martin1]]>
              </value>
            </param>
            <param index="1">
              <value>
                <![CDATA[Hello world]]>
              </value>
            </param>
          </params>
          <reporter-output>
          </reporter-output>
        </test-method> <!-- ValidateUser -->
        <test-method status="PASS" signature="tearDown()[pri:0, instance:com.NewSElTest.TestPage.HomeTest@3e77a1ed]" name="tearDown" is-config="true" duration-ms="79" started-at="2020-08-10T19:02:29Z" finished-at="2020-08-10T19:02:30Z">
          <reporter-output>
          </reporter-output>
        </test-method> <!-- tearDown -->
        <test-method status="PASS" signature="setup()[pri:0, instance:com.NewSElTest.TestPage.HomeTest@3e77a1ed]" name="setup" is-config="true" duration-ms="14032" started-at="2020-08-10T19:02:30Z" finished-at="2020-08-10T19:02:44Z">
          <reporter-output>
          </reporter-output>
        </test-method> <!-- setup -->
        <test-method status="PASS" signature="ValidateUser(java.lang.String, java.lang.String)[pri:1, instance:com.NewSElTest.TestPage.HomeTest@3e77a1ed]" name="ValidateUser" duration-ms="24628" started-at="2020-08-10T19:02:44Z" data-provider="HomeData" finished-at="2020-08-10T19:03:08Z">
          <params>
            <param index="0">
              <value>
                <![CDATA[Jackson1]]>
              </value>
            </param>
            <param index="1">
              <value>
                <![CDATA[Hello world]]>
              </value>
            </param>
          </params>
          <reporter-output>
          </reporter-output>
        </test-method> <!-- ValidateUser -->
        <test-method status="PASS" signature="tearDown()[pri:0, instance:com.NewSElTest.TestPage.HomeTest@3e77a1ed]" name="tearDown" is-config="true" duration-ms="57" started-at="2020-08-10T19:03:08Z" finished-at="2020-08-10T19:03:08Z">
          <reporter-output>
          </reporter-output>
        </test-method> <!-- tearDown -->
        <test-method status="PASS" signature="setup()[pri:0, instance:com.NewSElTest.TestPage.HomeTest@3e77a1ed]" name="setup" is-config="true" duration-ms="13935" started-at="2020-08-10T19:03:52Z" finished-at="2020-08-10T19:04:06Z">
          <reporter-output>
          </reporter-output>
        </test-method> <!-- setup -->
        <test-method status="PASS" signature="validateSearch(java.lang.String, java.lang.String)[pri:2, instance:com.NewSElTest.TestPage.HomeTest@3e77a1ed]" name="validateSearch" duration-ms="7504" started-at="2020-08-10T19:04:06Z" data-provider="HomeData" finished-at="2020-08-10T19:04:14Z">
          <params>
            <param index="0">
              <value>
                <![CDATA[Martin1]]>
              </value>
            </param>
            <param index="1">
              <value>
                <![CDATA[Hello world]]>
              </value>
            </param>
          </params>
          <reporter-output>
          </reporter-output>
        </test-method> <!-- validateSearch -->
        <test-method status="PASS" signature="tearDown()[pri:0, instance:com.NewSElTest.TestPage.HomeTest@3e77a1ed]" name="tearDown" is-config="true" duration-ms="64" started-at="2020-08-10T19:04:14Z" finished-at="2020-08-10T19:04:14Z">
          <reporter-output>
          </reporter-output>
        </test-method> <!-- tearDown -->
        <test-method status="PASS" signature="setup()[pri:0, instance:com.NewSElTest.TestPage.HomeTest@3e77a1ed]" name="setup" is-config="true" duration-ms="12983" started-at="2020-08-10T19:04:14Z" finished-at="2020-08-10T19:04:27Z">
          <reporter-output>
          </reporter-output>
        </test-method> <!-- setup -->
        <test-method status="PASS" signature="validateSearch(java.lang.String, java.lang.String)[pri:2, instance:com.NewSElTest.TestPage.HomeTest@3e77a1ed]" name="validateSearch" duration-ms="7443" started-at="2020-08-10T19:04:27Z" data-provider="HomeData" finished-at="2020-08-10T19:04:34Z">
          <params>
            <param index="0">
              <value>
                <![CDATA[Jackson1]]>
              </value>
            </param>
            <param index="1">
              <value>
                <![CDATA[Hello world]]>
              </value>
            </param>
          </params>
          <reporter-output>
          </reporter-output>
        </test-method> <!-- validateSearch -->
        <test-method status="PASS" signature="tearDown()[pri:0, instance:com.NewSElTest.TestPage.HomeTest@3e77a1ed]" name="tearDown" is-config="true" duration-ms="87" started-at="2020-08-10T19:04:34Z" finished-at="2020-08-10T19:04:34Z">
          <reporter-output>
          </reporter-output>
        </test-method> <!-- tearDown -->
      </class> <!-- com.NewSElTest.TestPage.HomeTest -->
    </test> <!-- Test -->
  </suite> <!-- Suite -->
</testng-results>
