<?xml version="1.0" encoding="UTF-8"?>
<testsuite name="TestSuite" time="102.83" tests="12" errors="0" skipped="0" failures="1">
  <properties>
[...]
</properties>
  <testcase name="validateAccont" classname="com.NewSElTest.TestPage.LoginTest" time="6.094"/>
  <testcase name="validateAccont" classname="com.NewSElTest.TestPage.LoginTest" time="4.726"/>
  <testcase name="validatePageTitle" classname="com.NewSElTest.TestPage.LoginTest" time="0.016"/>
  <testcase name="ValidateUser" classname="com.NewSElTest.TestPage.HomeTest" time="24.971"/>
  <testcase name="ValidateUser" classname="com.NewSElTest.TestPage.HomeTest" time="24.526"/>
  <testcase name="validateEmpname" classname="com.NewSElTest.TestPage.PIMPageTest" time="9.089"/>
  <testcase name="VerifyToDate" classname="com.NewSElTest.TestPage.LeaveTest" time="10.062"/>
  <testcase name="validateSearch" classname="com.NewSElTest.TestPage.HomeTest" time="7.696"/>
  <testcase name="validateSearch" classname="com.NewSElTest.TestPage.HomeTest" time="7.475"/>
  <testcase name="validatePerson" classname="com.NewSElTest.TestPage.PIMPageTest" time="31.009">
    <failure message="no such element: Unable to locate element: {&quot;method&quot;:&quot;xpath&quot;,&quot;selector&quot;:&quot;//h1[text()=&apos;Personal Details&apos;]&quot;}&#10;  (Session info: chrome=84.0.4147.125)&#10;For documentation on this error, please visit: https://www.seleniumhq.org/exceptions/no_such_element.html&#10;Build info: version: &apos;3.141.59&apos;, revision: &apos;e82be7d358&apos;, time: &apos;2018-11-14T08:17:03&apos;&#10;System info: host: &apos;LAPTOP-BIDVEQPH&apos;, ip: &apos;192.168.0.6&apos;, os.name: &apos;Windows 10&apos;, os.arch: &apos;amd64&apos;, os.version: &apos;10.0&apos;, java.version: &apos;1.8.0_241&apos;&#10;Driver info: org.openqa.selenium.chrome.ChromeDriver&#10;Capabilities {acceptInsecureCerts: false, browserName: chrome, browserVersion: 84.0.4147.125, chrome: {chromedriverVersion: 83.0.4103.39 (ccbf011cb2d2b..., userDataDir: C:\Users\rajam\AppData\Loca...}, goog:chromeOptions: {debuggerAddress: localhost:56084}, javascriptEnabled: true, networkConnectionEnabled: false, pageLoadStrategy: normal, platform: WINDOWS, platformName: WINDOWS, proxy: Proxy(), setWindowRect: true, strictFileInteractability: false, timeouts: {implicit: 0, pageLoad: 300000, script: 30000}, unhandledPromptBehavior: dismiss and notify, webauthn:virtualAuthenticators: true}&#10;Session ID: 23f300cfa92e8a883a8b08008c8415b9&#10;*** Element info: {Using=xpath, value=//h1[text()=&apos;Personal Details&apos;]}" type="org.openqa.selenium.NoSuchElementException">org.openqa.selenium.NoSuchElementException: no such element: Unable to locate element: {"method":"xpath","selector":"//h1[text()='Personal Details']"}
  (Session info: chrome=84.0.4147.125)
For documentation on this error, please visit: https://www.seleniumhq.org/exceptions/no_such_element.html
Build info: version: '3.141.59', revision: 'e82be7d358', time: '2018-11-14T08:17:03'
System info: host: 'LAPTOP-BIDVEQPH', ip: '192.168.0.6', os.name: 'Windows 10', os.arch: 'amd64', os.version: '10.0', java.version: '1.8.0_241'
Driver info: org.openqa.selenium.chrome.ChromeDriver
Capabilities {acceptInsecureCerts: false, browserName: chrome, browserVersion: 84.0.4147.125, chrome: {chromedriverVersion: 83.0.4103.39 (ccbf011cb2d2b..., userDataDir: C:\Users\rajam\AppData\Loca...}, goog:chromeOptions: {debuggerAddress: localhost:56084}, javascriptEnabled: true, networkConnectionEnabled: false, pageLoadStrategy: normal, platform: WINDOWS, platformName: WINDOWS, proxy: Proxy(), setWindowRect: true, strictFileInteractability: false, timeouts: {implicit: 0, pageLoad: 300000, script: 30000}, unhandledPromptBehavior: dismiss and notify, webauthn:virtualAuthenticators: true}
Session ID: 23f300cfa92e8a883a8b08008c8415b9
*** Element info: {Using=xpath, value=//h1[text()='Personal Details']}
	at sun.reflect.NativeConstructorAccessorImpl.newInstance0(Native Method)
	at sun.reflect.NativeConstructorAccessorImpl.newInstance(NativeConstructorAccessorImpl.java:62)
	at sun.reflect.DelegatingConstructorAccessorImpl.newInstance(DelegatingConstructorAccessorImpl.java:45)
	at java.lang.reflect.Constructor.newInstance(Constructor.java:423)
	at org.openqa.selenium.remote.http.W3CHttpResponseCodec.createException(W3CHttpResponseCodec.java:187)
	at org.openqa.selenium.remote.http.W3CHttpResponseCodec.decode(W3CHttpResponseCodec.java:122)
	at org.openqa.selenium.remote.http.W3CHttpResponseCodec.decode(W3CHttpResponseCodec.java:49)
	at org.openqa.selenium.remote.HttpCommandExecutor.execute(HttpCommandExecutor.java:158)
	at org.openqa.selenium.remote.service.DriverCommandExecutor.execute(DriverCommandExecutor.java:83)
	at org.openqa.selenium.remote.RemoteWebDriver.execute(RemoteWebDriver.java:552)
	at org.openqa.selenium.remote.RemoteWebDriver.findElement(RemoteWebDriver.java:323)
	at org.openqa.selenium.remote.RemoteWebDriver.findElementByXPath(RemoteWebDriver.java:428)
	at org.openqa.selenium.By$ByXPath.findElement(By.java:353)
	at org.openqa.selenium.remote.RemoteWebDriver.findElement(RemoteWebDriver.java:315)
	at org.openqa.selenium.support.pagefactory.DefaultElementLocator.findElement(DefaultElementLocator.java:69)
	at org.openqa.selenium.support.pagefactory.internal.LocatingElementHandler.invoke(LocatingElementHandler.java:38)
	at com.sun.proxy.$Proxy9.isDisplayed(Unknown Source)
	at com.NewSElTest.page.PIMPage.verifyClikHello(PIMPage.java:79)
	at com.NewSElTest.TestPage.PIMPageTest.validatePerson(PIMPageTest.java:42)
</failure>
    <system-out><![CDATA[The name of the testcase start is :validatePerson
The name of the testcase failed is :validatePerson
]]></system-out>
    <system-err><![CDATA[Starting ChromeDriver 83.0.4103.39 (ccbf011cb2d2b19b506d844400483861342c20cd-refs/branch-heads/4103@{#416}) on port 7089
Only local connections are allowed.
Please see https://chromedriver.chromium.org/security-considerations for suggestions on keeping ChromeDriver safe.
ChromeDriver was started successfully.
[1597429664.254][WARNING]: This version of ChromeDriver has not been tested with Chrome version 84.
Aug 14, 2020 1:27:46 PM org.openqa.selenium.remote.ProtocolHandshake createSession
INFO: Detected dialect: W3C
]]></system-err>
  </testcase>
  <testcase name="verifyCheckStstus" classname="com.NewSElTest.TestPage.LeaveTest" time="10.184"/>
  <testcase name="validateConfigure" classname="com.NewSElTest.TestPage.LeaveTest" time="3.709"/>
</testsuite>