<?xml version="1.0" encoding="UTF-8"?>
<testng-results skipped="0" failed="0" ignored="0" total="12" passed="12">
  <reporter-output>
  </reporter-output>
  <suite name="Suite" duration-ms="289771" started-at="2020-08-07T18:13:21Z" finished-at="2020-08-07T18:18:11Z">
    <groups>
    </groups>
    <test name="Test" duration-ms="289771" started-at="2020-08-07T18:13:21Z" finished-at="2020-08-07T18:18:11Z">
      <class name="com.NewSElTest.TestPage.PIMPageTest">
        <test-method status="PASS" signature="setUp()[pri:0, instance:com.NewSElTest.TestPage.PIMPageTest@54c562f7]" name="setUp" is-config="true" duration-ms="15109" started-at="2020-08-07T18:15:24Z" finished-at="2020-08-07T18:15:39Z">
          <reporter-output>
          </reporter-output>
        </test-method> <!-- setUp -->
        <test-method status="PASS" signature="validateEmpname()[pri:1, instance:com.NewSElTest.TestPage.PIMPageTest@54c562f7]" name="validateEmpname" duration-ms="10525" started-at="2020-08-07T18:15:39Z" finished-at="2020-08-07T18:15:50Z">
          <reporter-output>
          </reporter-output>
        </test-method> <!-- validateEmpname -->
        <test-method status="PASS" signature="tearDown()[pri:0, instance:com.NewSElTest.TestPage.PIMPageTest@54c562f7]" name="tearDown" is-config="true" duration-ms="4443" started-at="2020-08-07T18:15:50Z" finished-at="2020-08-07T18:15:54Z">
          <reporter-output>
          </reporter-output>
        </test-method> <!-- tearDown -->
        <test-method status="PASS" signature="setUp()[pri:0, instance:com.NewSElTest.TestPage.PIMPageTest@54c562f7]" name="setUp" is-config="true" duration-ms="13007" started-at="2020-08-07T18:17:03Z" finished-at="2020-08-07T18:17:16Z">
          <reporter-output>
          </reporter-output>
        </test-method> <!-- setUp -->
        <test-method status="PASS" signature="validatePerson()[pri:2, instance:com.NewSElTest.TestPage.PIMPageTest@54c562f7]" name="validatePerson" duration-ms="14297" started-at="2020-08-07T18:17:16Z" finished-at="2020-08-07T18:17:30Z">
          <reporter-output>
          </reporter-output>
        </test-method> <!-- validatePerson -->
        <test-method status="PASS" signature="tearDown()[pri:0, instance:com.NewSElTest.TestPage.PIMPageTest@54c562f7]" name="tearDown" is-config="true" duration-ms="86" started-at="2020-08-07T18:17:30Z" finished-at="2020-08-07T18:17:30Z">
          <reporter-output>
          </reporter-output>
        </test-method> <!-- tearDown -->
      </class> <!-- com.NewSElTest.TestPage.PIMPageTest -->
      <class name="com.NewSElTest.TestPage.LeaveTest">
        <test-method status="PASS" signature="setUp()[pri:0, instance:com.NewSElTest.TestPage.LeaveTest@318ba8c8]" name="setUp" is-config="true" duration-ms="13382" started-at="2020-08-07T18:15:54Z" finished-at="2020-08-07T18:16:08Z">
          <reporter-output>
          </reporter-output>
        </test-method> <!-- setUp -->
        <test-method status="PASS" signature="VerifyToDate()[pri:1, instance:com.NewSElTest.TestPage.LeaveTest@318ba8c8]" name="VerifyToDate" duration-ms="9232" started-at="2020-08-07T18:16:08Z" finished-at="2020-08-07T18:16:17Z">
          <reporter-output>
          </reporter-output>
        </test-method> <!-- VerifyToDate -->
        <test-method status="PASS" signature="tearDown()[pri:0, instance:com.NewSElTest.TestPage.LeaveTest@318ba8c8]" name="tearDown" is-config="true" duration-ms="91" started-at="2020-08-07T18:16:17Z" finished-at="2020-08-07T18:16:17Z">
          <reporter-output>
          </reporter-output>
        </test-method> <!-- tearDown -->
        <test-method status="PASS" signature="setUp()[pri:0, instance:com.NewSElTest.TestPage.LeaveTest@318ba8c8]" name="setUp" is-config="true" duration-ms="12972" started-at="2020-08-07T18:17:30Z" finished-at="2020-08-07T18:17:43Z">
          <reporter-output>
          </reporter-output>
        </test-method> <!-- setUp -->
        <test-method status="PASS" signature="verifyCheckStstus()[pri:2, instance:com.NewSElTest.TestPage.LeaveTest@318ba8c8]" name="verifyCheckStstus" duration-ms="10734" started-at="2020-08-07T18:17:43Z" finished-at="2020-08-07T18:17:54Z">
          <reporter-output>
          </reporter-output>
        </test-method> <!-- verifyCheckStstus -->
        <test-method status="PASS" signature="tearDown()[pri:0, instance:com.NewSElTest.TestPage.LeaveTest@318ba8c8]" name="tearDown" is-config="true" duration-ms="98" started-at="2020-08-07T18:17:54Z" finished-at="2020-08-07T18:17:54Z">
          <reporter-output>
          </reporter-output>
        </test-method> <!-- tearDown -->
        <test-method status="PASS" signature="setUp()[pri:0, instance:com.NewSElTest.TestPage.LeaveTest@318ba8c8]" name="setUp" is-config="true" duration-ms="13304" started-at="2020-08-07T18:17:54Z" finished-at="2020-08-07T18:18:07Z">
          <reporter-output>
          </reporter-output>
        </test-method> <!-- setUp -->
        <test-method status="PASS" signature="validateConfigure()[pri:3, instance:com.NewSElTest.TestPage.LeaveTest@318ba8c8]" name="validateConfigure" duration-ms="3782" started-at="2020-08-07T18:18:07Z" finished-at="2020-08-07T18:18:11Z">
          <reporter-output>
          </reporter-output>
        </test-method> <!-- validateConfigure -->
        <test-method status="PASS" signature="tearDown()[pri:0, instance:com.NewSElTest.TestPage.LeaveTest@318ba8c8]" name="tearDown" is-config="true" duration-ms="112" started-at="2020-08-07T18:18:11Z" finished-at="2020-08-07T18:18:11Z">
          <reporter-output>
          </reporter-output>
        </test-method> <!-- tearDown -->
      </class> <!-- com.NewSElTest.TestPage.LeaveTest -->
      <class name="com.NewSElTest.TestPage.LoginTest">
        <test-method status="PASS" signature="setup()[pri:0, instance:com.NewSElTest.TestPage.LoginTest@6b26e945]" name="setup" is-config="true" duration-ms="7565" started-at="2020-08-07T18:13:23Z" finished-at="2020-08-07T18:13:30Z">
          <reporter-output>
          </reporter-output>
        </test-method> <!-- setup -->
        <test-method status="PASS" signature="validateAccont(java.lang.String, java.lang.String)[pri:0, instance:com.NewSElTest.TestPage.LoginTest@6b26e945]" name="validateAccont" duration-ms="7857" started-at="2020-08-07T18:13:30Z" data-provider="LoginData" finished-at="2020-08-07T18:13:38Z">
          <params>
            <param index="0">
              <value>
                <![CDATA[Admin]]>
              </value>
            </param>
            <param index="1">
              <value>
                <![CDATA[admin123]]>
              </value>
            </param>
          </params>
          <reporter-output>
          </reporter-output>
        </test-method> <!-- validateAccont -->
        <test-method status="PASS" signature="tearDown()[pri:0, instance:com.NewSElTest.TestPage.LoginTest@6b26e945]" name="tearDown" is-config="true" duration-ms="4242" started-at="2020-08-07T18:13:38Z" finished-at="2020-08-07T18:13:42Z">
          <reporter-output>
          </reporter-output>
        </test-method> <!-- tearDown -->
        <test-method status="PASS" signature="setup()[pri:0, instance:com.NewSElTest.TestPage.LoginTest@6b26e945]" name="setup" is-config="true" duration-ms="7288" started-at="2020-08-07T18:13:42Z" finished-at="2020-08-07T18:13:50Z">
          <reporter-output>
          </reporter-output>
        </test-method> <!-- setup -->
        <test-method status="PASS" signature="validateAccont(java.lang.String, java.lang.String)[pri:0, instance:com.NewSElTest.TestPage.LoginTest@6b26e945]" name="validateAccont" duration-ms="5081" started-at="2020-08-07T18:13:50Z" data-provider="LoginData" finished-at="2020-08-07T18:13:55Z">
          <params>
            <param index="0">
              <value>
                <![CDATA[Sanjit]]>
              </value>
            </param>
            <param index="1">
              <value>
                <![CDATA[sanjit123]]>
              </value>
            </param>
          </params>
          <reporter-output>
          </reporter-output>
        </test-method> <!-- validateAccont -->
        <test-method status="PASS" signature="tearDown()[pri:0, instance:com.NewSElTest.TestPage.LoginTest@6b26e945]" name="tearDown" is-config="true" duration-ms="98" started-at="2020-08-07T18:13:55Z" finished-at="2020-08-07T18:13:55Z">
          <reporter-output>
          </reporter-output>
        </test-method> <!-- tearDown -->
        <test-method status="PASS" signature="setup()[pri:0, instance:com.NewSElTest.TestPage.LoginTest@6b26e945]" name="setup" is-config="true" duration-ms="8144" started-at="2020-08-07T18:13:55Z" finished-at="2020-08-07T18:14:03Z">
          <reporter-output>
          </reporter-output>
        </test-method> <!-- setup -->
        <test-method status="PASS" signature="validatePageTitle()[pri:0, instance:com.NewSElTest.TestPage.LoginTest@6b26e945]" name="validatePageTitle" duration-ms="29" started-at="2020-08-07T18:14:03Z" finished-at="2020-08-07T18:14:03Z">
          <reporter-output>
          </reporter-output>
        </test-method> <!-- validatePageTitle -->
        <test-method status="PASS" signature="tearDown()[pri:0, instance:com.NewSElTest.TestPage.LoginTest@6b26e945]" name="tearDown" is-config="true" duration-ms="93" started-at="2020-08-07T18:14:03Z" finished-at="2020-08-07T18:14:03Z">
          <reporter-output>
          </reporter-output>
        </test-method> <!-- tearDown -->
      </class> <!-- com.NewSElTest.TestPage.LoginTest -->
      <class name="com.NewSElTest.TestPage.HomeTest">
        <test-method status="PASS" signature="setup()[pri:0, instance:com.NewSElTest.TestPage.HomeTest@63a65a25]" name="setup" is-config="true" duration-ms="14728" started-at="2020-08-07T18:14:03Z" finished-at="2020-08-07T18:14:18Z">
          <reporter-output>
          </reporter-output>
        </test-method> <!-- setup -->
        <test-method status="PASS" signature="ValidateUser(java.lang.String, java.lang.String)[pri:1, instance:com.NewSElTest.TestPage.HomeTest@63a65a25]" name="ValidateUser" duration-ms="26137" started-at="2020-08-07T18:14:18Z" data-provider="HomeData" finished-at="2020-08-07T18:14:44Z">
          <params>
            <param index="0">
              <value>
                <![CDATA[Martin1]]>
              </value>
            </param>
            <param index="1">
              <value>
                <![CDATA[Hello world]]>
              </value>
            </param>
          </params>
          <reporter-output>
          </reporter-output>
        </test-method> <!-- ValidateUser -->
        <test-method status="PASS" signature="tearDown()[pri:0, instance:com.NewSElTest.TestPage.HomeTest@63a65a25]" name="tearDown" is-config="true" duration-ms="96" started-at="2020-08-07T18:14:44Z" finished-at="2020-08-07T18:14:44Z">
          <reporter-output>
          </reporter-output>
        </test-method> <!-- tearDown -->
        <test-method status="PASS" signature="setup()[pri:0, instance:com.NewSElTest.TestPage.HomeTest@63a65a25]" name="setup" is-config="true" duration-ms="14622" started-at="2020-08-07T18:14:44Z" finished-at="2020-08-07T18:14:59Z">
          <reporter-output>
          </reporter-output>
        </test-method> <!-- setup -->
        <test-method status="PASS" signature="ValidateUser(java.lang.String, java.lang.String)[pri:1, instance:com.NewSElTest.TestPage.HomeTest@63a65a25]" name="ValidateUser" duration-ms="25227" started-at="2020-08-07T18:14:59Z" data-provider="HomeData" finished-at="2020-08-07T18:15:24Z">
          <params>
            <param index="0">
              <value>
                <![CDATA[Jackson1]]>
              </value>
            </param>
            <param index="1">
              <value>
                <![CDATA[Hello world]]>
              </value>
            </param>
          </params>
          <reporter-output>
          </reporter-output>
        </test-method> <!-- ValidateUser -->
        <test-method status="PASS" signature="tearDown()[pri:0, instance:com.NewSElTest.TestPage.HomeTest@63a65a25]" name="tearDown" is-config="true" duration-ms="120" started-at="2020-08-07T18:15:24Z" finished-at="2020-08-07T18:15:24Z">
          <reporter-output>
          </reporter-output>
        </test-method> <!-- tearDown -->
        <test-method status="PASS" signature="setup()[pri:0, instance:com.NewSElTest.TestPage.HomeTest@63a65a25]" name="setup" is-config="true" duration-ms="13160" started-at="2020-08-07T18:16:17Z" finished-at="2020-08-07T18:16:30Z">
          <reporter-output>
          </reporter-output>
        </test-method> <!-- setup -->
        <test-method status="PASS" signature="validateSearch(java.lang.String, java.lang.String)[pri:2, instance:com.NewSElTest.TestPage.HomeTest@63a65a25]" name="validateSearch" duration-ms="7612" started-at="2020-08-07T18:16:30Z" data-provider="HomeData" finished-at="2020-08-07T18:16:38Z">
          <params>
            <param index="0">
              <value>
                <![CDATA[Martin1]]>
              </value>
            </param>
            <param index="1">
              <value>
                <![CDATA[Hello world]]>
              </value>
            </param>
          </params>
          <reporter-output>
          </reporter-output>
        </test-method> <!-- validateSearch -->
        <test-method status="PASS" signature="tearDown()[pri:0, instance:com.NewSElTest.TestPage.HomeTest@63a65a25]" name="tearDown" is-config="true" duration-ms="4437" started-at="2020-08-07T18:16:38Z" finished-at="2020-08-07T18:16:42Z">
          <reporter-output>
          </reporter-output>
        </test-method> <!-- tearDown -->
        <test-method status="PASS" signature="setup()[pri:0, instance:com.NewSElTest.TestPage.HomeTest@63a65a25]" name="setup" is-config="true" duration-ms="12953" started-at="2020-08-07T18:16:42Z" finished-at="2020-08-07T18:16:55Z">
          <reporter-output>
          </reporter-output>
        </test-method> <!-- setup -->
        <test-method status="PASS" signature="validateSearch(java.lang.String, java.lang.String)[pri:2, instance:com.NewSElTest.TestPage.HomeTest@63a65a25]" name="validateSearch" duration-ms="7512" started-at="2020-08-07T18:16:55Z" data-provider="HomeData" finished-at="2020-08-07T18:17:03Z">
          <params>
            <param index="0">
              <value>
                <![CDATA[Jackson1]]>
              </value>
            </param>
            <param index="1">
              <value>
                <![CDATA[Hello world]]>
              </value>
            </param>
          </params>
          <reporter-output>
          </reporter-output>
        </test-method> <!-- validateSearch -->
        <test-method status="PASS" signature="tearDown()[pri:0, instance:com.NewSElTest.TestPage.HomeTest@63a65a25]" name="tearDown" is-config="true" duration-ms="66" started-at="2020-08-07T18:17:03Z" finished-at="2020-08-07T18:17:03Z">
          <reporter-output>
          </reporter-output>
        </test-method> <!-- tearDown -->
      </class> <!-- com.NewSElTest.TestPage.HomeTest -->
    </test> <!-- Test -->
  </suite> <!-- Suite -->
</testng-results>
